#Timing report of worst 1 path(s)
# Unit scale: 1e-09 seconds
# Output precision: 3

#Path 1
Startpoint: Y.inpad[0] (.input clocked by virtual_io_clock)
Endpoint  : out:F.outpad[0] (.output clocked by virtual_io_clock)
Path Type : setup

Point                                                                        Incr      Path
-------------------------------------------------------------------------------------------
clock virtual_io_clock (rise edge)                                          0.000     0.000
clock source latency                                                        0.000     0.000
input external delay                                                        0.000     0.000
Y.inpad[0] (.input)                                                         0.000     0.000
$iopadmap$helloworldfpga.Y.I_PAD_$inp[0] (BIDIR_CELL)                       0.000     0.000
$iopadmap$helloworldfpga.Y.I_DAT[0] (BIDIR_CELL)                           10.958    10.958
F_LUT3_O.t_frag.XB1[0] (T_FRAG)                                             7.981    18.939
F_LUT3_O.t_frag.XZ[0] (T_FRAG)                                              1.581    20.520
$iopadmap$helloworldfpga.F.O_DAT[0] (BIDIR_CELL)                           10.070    30.590
$iopadmap$helloworldfpga.F.O_PAD_$out[0] (BIDIR_CELL)                       9.809    40.399
out:F.outpad[0] (.output)                                                   0.000    40.399
data arrival time                                                                    40.399

clock virtual_io_clock (rise edge)                                          0.000     0.000
clock source latency                                                        0.000     0.000
clock uncertainty                                                           0.000     0.000
output external delay                                                       0.000     0.000
data required time                                                                    0.000
-------------------------------------------------------------------------------------------
data required time                                                                    0.000
data arrival time                                                                   -40.399
-------------------------------------------------------------------------------------------
slack (VIOLATED)                                                                    -40.399


#End of timing report
